<?xml version="1.0" encoding="UTF-8"?>
<robot generator="Robot 6.0.2 (Python 3.11.3 on win32)" generated="20230608 00:32:17.772" rpa="false" schemaversion="3">
<suite id="s1" name="TestSuite 1" source="D:\RobotFramework\PROJECTS\BANKING\TestSuite_1.robot">
<test id="s1-t1" name="Test GET LOGIN" line="9">
<kw name="OPEN SPECIFIC WEB PAGE">
<arg>${login_page_url}</arg>
<arg>${browser_firefox}</arg>
<arg>${login_page_resetbtn}</arg>
<arg>${login_page_title}</arg>
<kw name="Open Browser" library="SeleniumLibrary">
<arg>${arg_login_url}</arg>
<arg>browser=${arg_browser}[var1]</arg>
<arg>alias=${arg_browser}[var2]</arg>
<arg>executable_path=${arg_browser}[var3]</arg>
<doc>Opens a new browser instance to the optional ``url``.</doc>
<msg timestamp="20230608 00:32:17.981" level="INFO">Opening browser 'Firefox' to base url 'https://www.demo.guru99.com/v4/'.</msg>
<msg timestamp="20230608 00:32:17.986" level="INFO">Applicable driver not found; attempting to install with Selenium Manager (Beta)</msg>
<status status="PASS" starttime="20230608 00:32:17.980" endtime="20230608 00:32:25.720"/>
</kw>
<kw name="Title Should Be" library="SeleniumLibrary">
<arg>${arg_login_page_title}</arg>
<arg>WRONG TITLE = WRONG PAGE</arg>
<doc>Verifies that the current page title equals ``title``.</doc>
<msg timestamp="20230608 00:32:25.723" level="INFO">Page title is 'Guru99 Bank Home Page'.</msg>
<status status="PASS" starttime="20230608 00:32:25.720" endtime="20230608 00:32:25.723"/>
</kw>
<kw name="Element Should Be Visible" library="SeleniumLibrary">
<arg>${arg_verification_login_page}</arg>
<arg>Element is visible</arg>
<doc>Verifies that the element identified by ``locator`` is visible.</doc>
<msg timestamp="20230608 00:32:25.748" level="INFO">Element 'name=btnReset' is displayed.</msg>
<status status="PASS" starttime="20230608 00:32:25.723" endtime="20230608 00:32:25.748"/>
</kw>
<status status="PASS" starttime="20230608 00:32:17.979" endtime="20230608 00:32:25.748"/>
</kw>
<status status="PASS" starttime="20230608 00:32:17.979" endtime="20230608 00:32:25.749"/>
</test>
<test id="s1-t2" name="TEST ACCESS" line="11">
<kw name="Input Text" library="SeleniumLibrary">
<arg>name=uid</arg>
<arg>${user_id}</arg>
<doc>Types the given ``text`` into the text field identified by ``locator``.</doc>
<msg timestamp="20230608 00:32:25.750" level="INFO">Typing text 'mngr507394' into text field 'name=uid'.</msg>
<status status="PASS" starttime="20230608 00:32:25.750" endtime="20230608 00:32:25.789"/>
</kw>
<kw name="Input Text" library="SeleniumLibrary">
<arg>name=password</arg>
<arg>${password}</arg>
<doc>Types the given ``text`` into the text field identified by ``locator``.</doc>
<msg timestamp="20230608 00:32:25.790" level="INFO">Typing text 'rUjyhUg' into text field 'name=password'.</msg>
<status status="PASS" starttime="20230608 00:32:25.790" endtime="20230608 00:32:25.809"/>
</kw>
<kw name="Click Button" library="SeleniumLibrary">
<arg>name=btnLogin</arg>
<doc>Clicks the button identified by ``locator``.</doc>
<msg timestamp="20230608 00:32:25.809" level="INFO">Clicking button 'name=btnLogin'.</msg>
<status status="PASS" starttime="20230608 00:32:25.809" endtime="20230608 00:32:26.576"/>
</kw>
<kw name="Sleep" library="BuiltIn">
<arg>2</arg>
<doc>Pauses the test executed for the given time.</doc>
<msg timestamp="20230608 00:32:28.578" level="INFO">Slept 2 seconds</msg>
<status status="PASS" starttime="20230608 00:32:26.576" endtime="20230608 00:32:28.578"/>
</kw>
<kw name="Wait Until Location Is" library="SeleniumLibrary">
<arg>${home_page_url}</arg>
<doc>Waits until the current URL is ``expected``.</doc>
<status status="PASS" starttime="20230608 00:32:28.579" endtime="20230608 00:32:28.584"/>
</kw>
<kw name="Title Should Be" library="SeleniumLibrary">
<arg>${home_page_title}</arg>
<arg>WRONG TITLE = WRONG PAGE</arg>
<doc>Verifies that the current page title equals ``title``.</doc>
<msg timestamp="20230608 00:32:28.588" level="INFO">Page title is 'Guru99 Bank Manager HomePage'.</msg>
<status status="PASS" starttime="20230608 00:32:28.585" endtime="20230608 00:32:28.588"/>
</kw>
<kw name="Close Browser" library="SeleniumLibrary">
<doc>Closes the current browser.</doc>
<status status="PASS" starttime="20230608 00:32:28.589" endtime="20230608 00:32:31.242"/>
</kw>
<status status="PASS" starttime="20230608 00:32:25.750" endtime="20230608 00:32:31.242"/>
</test>
<doc>Testing a banking software for two roles : Manager + Costumer</doc>
<status status="PASS" starttime="20230608 00:32:17.773" endtime="20230608 00:32:31.244"/>
</suite>
<statistics>
<total>
<stat pass="2" fail="0" skip="0">All Tests</stat>
</total>
<tag>
</tag>
<suite>
<stat pass="2" fail="0" skip="0" id="s1" name="TestSuite 1">TestSuite 1</stat>
</suite>
</statistics>
<errors>
</errors>
</robot>
