<?xml version="1.0" encoding="UTF-8"?>
<robot generator="Robot 6.0.2 (Python 3.11.3 on win32)" generated="20230608 21:44:47.343" rpa="false" schemaversion="3">
<suite id="s1" name="TestSuite 1" source="D:\RobotFramework\PROJECTS\BANKING\TestSuite_1.robot">
<test id="s1-t1" name="Test GET LOGIN" line="9">
<kw name="OPEN SPECIFIC WEB PAGE">
<arg>${login_page_url}</arg>
<arg>${browser_firefox}</arg>
<kw name="Open Browser" library="SeleniumLibrary">
<arg>${login_url}</arg>
<arg>browser=${browser}[var1]</arg>
<arg>alias=${browser}[var2]</arg>
<arg>executable_path=${browser}[var3]</arg>
<doc>Opens a new browser instance to the optional ``url``.</doc>
<msg timestamp="20230608 21:44:47.605" level="INFO">Opening browser 'Firefox' to base url 'https://www.demo.guru99.com/v4/'.</msg>
<msg timestamp="20230608 21:44:47.607" level="INFO">Applicable driver not found; attempting to install with Selenium Manager (Beta)</msg>
<status status="PASS" starttime="20230608 21:44:47.603" endtime="20230608 21:44:57.876"/>
</kw>
<status status="PASS" starttime="20230608 21:44:47.603" endtime="20230608 21:44:57.876"/>
</kw>
<kw name="VERIFY WEB PAGE">
<arg>${login_page_title}</arg>
<arg>${login_page_url}</arg>
<arg>${login_page_resetbtn}</arg>
<kw name="Title Should Be" library="SeleniumLibrary">
<arg>${page_title}</arg>
<arg>WRONG TITLE = WRONG PAGE</arg>
<doc>Verifies that the current page title equals ``title``.</doc>
<msg timestamp="20230608 21:44:57.882" level="INFO">Page title is 'Guru99 Bank Home Page'.</msg>
<status status="PASS" starttime="20230608 21:44:57.878" endtime="20230608 21:44:57.882"/>
</kw>
<kw name="Location Should Be" library="SeleniumLibrary">
<arg>${page_url}</arg>
<arg>WRONG URL = WRONG PAGE</arg>
<doc>Verifies that the current URL is exactly ``url``.</doc>
<msg timestamp="20230608 21:44:57.886" level="INFO">Current location is 'https://www.demo.guru99.com/v4/'.</msg>
<status status="PASS" starttime="20230608 21:44:57.882" endtime="20230608 21:44:57.886"/>
</kw>
<kw name="Element Should Be Visible" library="SeleniumLibrary">
<arg>${verification_element}</arg>
<arg>Element is visible</arg>
<doc>Verifies that the element identified by ``locator`` is visible.</doc>
<msg timestamp="20230608 21:44:57.915" level="INFO">Element 'name=btnReset' is displayed.</msg>
<status status="PASS" starttime="20230608 21:44:57.886" endtime="20230608 21:44:57.915"/>
</kw>
<status status="PASS" starttime="20230608 21:44:57.877" endtime="20230608 21:44:57.915"/>
</kw>
<timeout value="20 seconds"/>
<status status="PASS" starttime="20230608 21:44:47.601" endtime="20230608 21:44:57.916"/>
</test>
<test id="s1-t2" name="TEST ACCESS" line="13">
<kw name="Run Keyword If All Tests Passed" library="BuiltIn">
<arg>LOGIN WEB PAGE</arg>
<arg>${user_id}</arg>
<arg>${user_password}</arg>
<doc>Runs the given keyword with the given arguments, if all tests passed.</doc>
<msg timestamp="20230608 21:44:57.917" level="FAIL">Keyword 'Run Keyword If All Tests Passed' can only be used in suite teardown.</msg>
<status status="FAIL" starttime="20230608 21:44:57.917" endtime="20230608 21:44:57.918"/>
</kw>
<kw name="Run Keyword And Continue On Failure" library="BuiltIn">
<arg>VERIFY WEB PAGE</arg>
<arg>${home_page_title}</arg>
<arg>${home_page_url}</arg>
<arg>${home_page_managerbtn}</arg>
<doc>Runs the keyword and continues execution even if a failure occurs.</doc>
<status status="NOT RUN" starttime="20230608 21:44:57.918" endtime="20230608 21:44:57.918"/>
</kw>
<kw name="Close Browser" library="SeleniumLibrary">
<doc>Closes the current browser.</doc>
<status status="NOT RUN" starttime="20230608 21:44:57.919" endtime="20230608 21:44:57.919"/>
</kw>
<timeout value="20 seconds"/>
<status status="FAIL" starttime="20230608 21:44:57.917" endtime="20230608 21:44:57.920">Keyword 'Run Keyword If All Tests Passed' can only be used in suite teardown.</status>
</test>
<doc>Testing a banking software for two roles : Manager + Costumer</doc>
<status status="FAIL" starttime="20230608 21:44:47.345" endtime="20230608 21:44:57.923"/>
</suite>
<statistics>
<total>
<stat pass="1" fail="1" skip="0">All Tests</stat>
</total>
<tag>
</tag>
<suite>
<stat pass="1" fail="1" skip="0" id="s1" name="TestSuite 1">TestSuite 1</stat>
</suite>
</statistics>
<errors>
</errors>
</robot>
