<?xml version="1.0" encoding="UTF-8"?>
<robot generator="Robot 6.0.2 (Python 3.11.3 on win32)" generated="20230607 21:14:58.719" rpa="false" schemaversion="3">
<suite id="s1" name="TestSuite 1" source="D:\RobotFramework\PROJECTS\BANKING\TestSuite_1.robot">
<test id="s1-t1" name="Test LOGIN" line="13">
<kw name="Set Variable" library="BuiltIn">
<var>${arg_url}</var>
<arg>${login_page}</arg>
<doc>Returns the given values which can then be assigned to a variables.</doc>
<msg timestamp="20230607 21:14:58.985" level="INFO">${arg_url} = https://www.demo.guru99.com/v4/</msg>
<status status="PASS" starttime="20230607 21:14:58.985" endtime="20230607 21:14:58.985"/>
</kw>
<kw name="Set Variable" library="BuiltIn">
<var>${arg_verification_login_page}</var>
<arg>${login_page_resetbtn}</arg>
<doc>Returns the given values which can then be assigned to a variables.</doc>
<msg timestamp="20230607 21:14:58.985" level="INFO">${arg_verification_login_page} = name=btnReset</msg>
<status status="PASS" starttime="20230607 21:14:58.985" endtime="20230607 21:14:58.985"/>
</kw>
<kw name="OPEN SPECIFIC WEB PAGE">
<arg>${arg_url}</arg>
<arg>${arg_verification_login_page}</arg>
<kw name="Open Browser" library="SeleniumLibrary">
<arg>${arg_url}</arg>
<arg>alias=firefox</arg>
<doc>Opens a new browser instance to the optional ``url``.</doc>
<msg timestamp="20230607 21:14:58.986" level="INFO">Opening browser 'firefox' to base url 'https://www.demo.guru99.com/v4/'.</msg>
<status status="PASS" starttime="20230607 21:14:58.986" endtime="20230607 21:15:06.919"/>
</kw>
<kw name="Title Should Be" library="SeleniumLibrary">
<arg>Guru99 Bank Home Page</arg>
<arg>Wrong Web Page</arg>
<doc>Verifies that the current page title equals ``title``.</doc>
<msg timestamp="20230607 21:15:06.925" level="INFO">Page title is 'Guru99 Bank Home Page'.</msg>
<status status="PASS" starttime="20230607 21:15:06.919" endtime="20230607 21:15:06.925"/>
</kw>
<kw name="Element Should Be Visible" library="SeleniumLibrary">
<arg>${arg_verification_login_page}</arg>
<arg>Element is visible</arg>
<doc>Verifies that the element identified by ``locator`` is visible.</doc>
<msg timestamp="20230607 21:15:06.986" level="INFO">Element 'name=btnReset' is displayed.</msg>
<status status="PASS" starttime="20230607 21:15:06.925" endtime="20230607 21:15:06.986"/>
</kw>
<status status="PASS" starttime="20230607 21:14:58.985" endtime="20230607 21:15:06.986"/>
</kw>
<status status="PASS" starttime="20230607 21:14:58.984" endtime="20230607 21:15:06.987"/>
</test>
<test id="s1-t2" name="TEST ACCESS" line="17">
<kw name="Input Text" library="SeleniumLibrary">
<arg>name=uid</arg>
<arg>${user_id}</arg>
<doc>Types the given ``text`` into the text field identified by ``locator``.</doc>
<msg timestamp="20230607 21:15:06.990" level="INFO">Typing text 'mngr507394' into text field 'name=uid'.</msg>
<status status="PASS" starttime="20230607 21:15:06.989" endtime="20230607 21:15:07.045"/>
</kw>
<kw name="Input Text" library="SeleniumLibrary">
<arg>name=password</arg>
<arg>${password}</arg>
<doc>Types the given ``text`` into the text field identified by ``locator``.</doc>
<msg timestamp="20230607 21:15:07.046" level="INFO">Typing text 'rUjyhUg' into text field 'name=password'.</msg>
<status status="PASS" starttime="20230607 21:15:07.046" endtime="20230607 21:15:07.083"/>
</kw>
<kw name="Click Button" library="SeleniumLibrary">
<arg>name=btnLogin</arg>
<doc>Clicks the button identified by ``locator``.</doc>
<msg timestamp="20230607 21:15:07.084" level="INFO">Clicking button 'name=btnLogin'.</msg>
<status status="PASS" starttime="20230607 21:15:07.084" endtime="20230607 21:15:07.947"/>
</kw>
<kw name="Sleep" library="BuiltIn">
<arg>2</arg>
<doc>Pauses the test executed for the given time.</doc>
<msg timestamp="20230607 21:15:09.949" level="INFO">Slept 2 seconds</msg>
<status status="PASS" starttime="20230607 21:15:07.948" endtime="20230607 21:15:09.949"/>
</kw>
<kw name="Wait Until Location Is" library="SeleniumLibrary">
<arg>https://www.demo.guru99.com/v4/manager/Managerhomepage.php</arg>
<doc>Waits until the current URL is ``expected``.</doc>
<status status="PASS" starttime="20230607 21:15:09.950" endtime="20230607 21:15:09.955"/>
</kw>
<kw name="Title Should Be" library="SeleniumLibrary">
<arg>Guru99 Bank Manager HomePage</arg>
<doc>Verifies that the current page title equals ``title``.</doc>
<msg timestamp="20230607 21:15:09.960" level="INFO">Page title is 'Guru99 Bank Manager HomePage'.</msg>
<status status="PASS" starttime="20230607 21:15:09.956" endtime="20230607 21:15:09.960"/>
</kw>
<kw name="Close Browser" library="SeleniumLibrary">
<doc>Closes the current browser.</doc>
<status status="PASS" starttime="20230607 21:15:09.961" endtime="20230607 21:15:12.802"/>
</kw>
<status status="PASS" starttime="20230607 21:15:06.988" endtime="20230607 21:15:12.804"/>
</test>
<doc>Testing a banking software for two roles : Manager + Costumer</doc>
<status status="PASS" starttime="20230607 21:14:58.721" endtime="20230607 21:15:12.806"/>
</suite>
<statistics>
<total>
<stat pass="2" fail="0" skip="0">All Tests</stat>
</total>
<tag>
</tag>
<suite>
<stat pass="2" fail="0" skip="0" id="s1" name="TestSuite 1">TestSuite 1</stat>
</suite>
</statistics>
<errors>
</errors>
</robot>
