<?xml version="1.0" encoding="UTF-8"?>
<robot generator="Robot 6.0.2 (Python 3.11.3 on win32)" generated="20230606 22:54:40.982" rpa="false" schemaversion="3">
<suite id="s1" name="TestSuite 1" source="D:\RobotFramework\PROJECTS\BANKING\TestSuite_1.robot">
<test id="s1-t1" name="Test LOGIN" line="12">
<kw name="Set Variable" library="BuiltIn">
<var>${arg_url}</var>
<arg>${login_page}</arg>
<doc>Returns the given values which can then be assigned to a variables.</doc>
<msg timestamp="20230606 22:54:41.186" level="INFO">${arg_url} = https://www.demo.guru99.com/v4/</msg>
<status status="PASS" starttime="20230606 22:54:41.186" endtime="20230606 22:54:41.186"/>
</kw>
<kw name="Set Variable" library="BuiltIn">
<var>${arg_verification_login_page}</var>
<arg>${login_page_resetbtn}</arg>
<doc>Returns the given values which can then be assigned to a variables.</doc>
<msg timestamp="20230606 22:54:41.187" level="INFO">${arg_verification_login_page} = name=btnReset</msg>
<status status="PASS" starttime="20230606 22:54:41.187" endtime="20230606 22:54:41.187"/>
</kw>
<kw name="OPEN SPECIFIC WEB PAGE">
<arg>${arg_url}</arg>
<arg>${arg_verification_login_page}</arg>
<kw name="Open Browser" library="SeleniumLibrary">
<arg>${arg_url}</arg>
<arg>alias=firefox</arg>
<doc>Opens a new browser instance to the optional ``url``.</doc>
<msg timestamp="20230606 22:54:41.189" level="INFO">Opening browser 'firefox' to base url 'https://www.demo.guru99.com/v4/'.</msg>
<status status="PASS" starttime="20230606 22:54:41.188" endtime="20230606 22:54:49.781"/>
</kw>
<kw name="Title Should Be" library="SeleniumLibrary">
<arg>Guru99 Bank Home Page</arg>
<arg>Wrong Web Page</arg>
<doc>Verifies that the current page title equals ``title``.</doc>
<msg timestamp="20230606 22:54:49.784" level="INFO">Page title is 'Guru99 Bank Home Page'.</msg>
<status status="PASS" starttime="20230606 22:54:49.781" endtime="20230606 22:54:49.784"/>
</kw>
<kw name="Element Should Be Visible" library="SeleniumLibrary">
<arg>${arg_verification_login_page}</arg>
<arg>Element is visible</arg>
<doc>Verifies that the element identified by ``locator`` is visible.</doc>
<msg timestamp="20230606 22:54:49.874" level="INFO">Element 'name=btnReset' is displayed.</msg>
<status status="PASS" starttime="20230606 22:54:49.784" endtime="20230606 22:54:49.874"/>
</kw>
<status status="PASS" starttime="20230606 22:54:41.188" endtime="20230606 22:54:49.874"/>
</kw>
<status status="PASS" starttime="20230606 22:54:41.186" endtime="20230606 22:54:49.874"/>
</test>
<test id="s1-t2" name="TEST ACCESS" line="16">
<kw name="Input Text" library="SeleniumLibrary">
<arg>name=uid</arg>
<arg>${user_id}</arg>
<doc>Types the given ``text`` into the text field identified by ``locator``.</doc>
<msg timestamp="20230606 22:54:49.877" level="INFO">Typing text 'mngr507394' into text field 'name=uid'.</msg>
<status status="PASS" starttime="20230606 22:54:49.876" endtime="20230606 22:54:49.909"/>
</kw>
<kw name="Input Text" library="SeleniumLibrary">
<arg>name=password</arg>
<arg>${password}</arg>
<doc>Types the given ``text`` into the text field identified by ``locator``.</doc>
<msg timestamp="20230606 22:54:49.910" level="INFO">Typing text 'rUjyhUg' into text field 'name=password'.</msg>
<status status="PASS" starttime="20230606 22:54:49.909" endtime="20230606 22:54:49.929"/>
</kw>
<kw name="Click Button" library="SeleniumLibrary">
<arg>name=btnLogin</arg>
<doc>Clicks the button identified by ``locator``.</doc>
<msg timestamp="20230606 22:54:49.931" level="INFO">Clicking button 'name=btnLogin'.</msg>
<status status="PASS" starttime="20230606 22:54:49.930" endtime="20230606 22:54:50.547"/>
</kw>
<kw name="Sleep" library="BuiltIn">
<arg>2</arg>
<doc>Pauses the test executed for the given time.</doc>
<msg timestamp="20230606 22:54:52.548" level="INFO">Slept 2 seconds</msg>
<status status="PASS" starttime="20230606 22:54:50.548" endtime="20230606 22:54:52.548"/>
</kw>
<kw name="Wait Until Location Is" library="SeleniumLibrary">
<arg>https://www.demo.guru99.com/v4/manager/Managerhomepage.php</arg>
<doc>Waits until the current URL is ``expected``.</doc>
<status status="PASS" starttime="20230606 22:54:52.550" endtime="20230606 22:54:52.554"/>
</kw>
<kw name="Title Should Be" library="SeleniumLibrary">
<arg>Guru99 Bank Manager HomePage</arg>
<doc>Verifies that the current page title equals ``title``.</doc>
<msg timestamp="20230606 22:54:52.557" level="INFO">Page title is 'Guru99 Bank Manager HomePage'.</msg>
<status status="PASS" starttime="20230606 22:54:52.554" endtime="20230606 22:54:52.557"/>
</kw>
<kw name="Close Browser" library="SeleniumLibrary">
<doc>Closes the current browser.</doc>
<status status="PASS" starttime="20230606 22:54:52.558" endtime="20230606 22:54:55.228"/>
</kw>
<status status="PASS" starttime="20230606 22:54:49.875" endtime="20230606 22:54:55.228"/>
</test>
<doc>Testing a banking software for two roles : Manager + Costumer</doc>
<status status="PASS" starttime="20230606 22:54:40.984" endtime="20230606 22:54:55.230"/>
</suite>
<statistics>
<total>
<stat pass="2" fail="0" skip="0">All Tests</stat>
</total>
<tag>
</tag>
<suite>
<stat pass="2" fail="0" skip="0" id="s1" name="TestSuite 1">TestSuite 1</stat>
</suite>
</statistics>
<errors>
</errors>
</robot>
