<?xml version="1.0" encoding="UTF-8"?>
<robot generator="Robot 6.0.2 (Python 3.11.3 on win32)" generated="20230606 21:35:33.016" rpa="false" schemaversion="3">
<suite id="s1" name="TestSuite 1" source="D:\RobotFramework\PROJECTS\BANKING\TestSuite_1.robot">
<test id="s1-t1" name="Test LOGIN" line="13">
<kw name="Set Variable" library="BuiltIn">
<var>${arg_url}</var>
<arg>${login_page}</arg>
<doc>Returns the given values which can then be assigned to a variables.</doc>
<msg timestamp="20230606 21:35:33.291" level="INFO">${arg_url} = https://www.demo.guru99.com/v4/</msg>
<status status="PASS" starttime="20230606 21:35:33.290" endtime="20230606 21:35:33.291"/>
</kw>
<kw name="Set Variable" library="BuiltIn">
<var>${arg_verification_login_page}</var>
<arg>${login_page_resetbtn}</arg>
<doc>Returns the given values which can then be assigned to a variables.</doc>
<msg timestamp="20230606 21:35:33.291" level="INFO">${arg_verification_login_page} = name=btnReset</msg>
<status status="PASS" starttime="20230606 21:35:33.291" endtime="20230606 21:35:33.291"/>
</kw>
<kw name="OPEN SPECIFIC WEB PAGE">
<arg>${arg_url}</arg>
<arg>${arg_verification_login_page}</arg>
<kw name="Open Browser" library="SeleniumLibrary">
<arg>${arg_url}</arg>
<arg>alias=firefox</arg>
<doc>Opens a new browser instance to the optional ``url``.</doc>
<msg timestamp="20230606 21:35:33.292" level="INFO">Opening browser 'firefox' to base url 'https://www.demo.guru99.com/v4/'.</msg>
<status status="PASS" starttime="20230606 21:35:33.292" endtime="20230606 21:35:43.000"/>
</kw>
<kw name="Title Should Be" library="SeleniumLibrary">
<arg>Guru99 Bank Home Page</arg>
<arg>Wrong Web Page</arg>
<doc>Verifies that the current page title equals ``title``.</doc>
<msg timestamp="20230606 21:35:43.004" level="INFO">Page title is 'Guru99 Bank Home Page'.</msg>
<status status="PASS" starttime="20230606 21:35:43.000" endtime="20230606 21:35:43.004"/>
</kw>
<kw name="Element Should Be Visible" library="SeleniumLibrary">
<arg>${arg_verification_login_page}</arg>
<arg>Element is visible</arg>
<doc>Verifies that the element identified by ``locator`` is visible.</doc>
<msg timestamp="20230606 21:35:43.164" level="INFO">Element 'name=btnReset' is displayed.</msg>
<status status="PASS" starttime="20230606 21:35:43.004" endtime="20230606 21:35:43.164"/>
</kw>
<status status="PASS" starttime="20230606 21:35:33.291" endtime="20230606 21:35:43.164"/>
</kw>
<status status="PASS" starttime="20230606 21:35:33.290" endtime="20230606 21:35:43.165"/>
</test>
<test id="s1-t2" name="TEST ACCESS" line="17">
<kw name="Input Text" library="SeleniumLibrary">
<arg>name=uid</arg>
<arg>${user_id}</arg>
<doc>Types the given ``text`` into the text field identified by ``locator``.</doc>
<msg timestamp="20230606 21:35:43.166" level="INFO">Typing text 'mngr507394' into text field 'name=uid'.</msg>
<status status="PASS" starttime="20230606 21:35:43.166" endtime="20230606 21:35:43.209"/>
</kw>
<kw name="Input Text" library="SeleniumLibrary">
<arg>name=password</arg>
<arg>${password}</arg>
<doc>Types the given ``text`` into the text field identified by ``locator``.</doc>
<msg timestamp="20230606 21:35:43.210" level="INFO">Typing text 'rUjyhUg' into text field 'name=password'.</msg>
<status status="PASS" starttime="20230606 21:35:43.209" endtime="20230606 21:35:43.233"/>
</kw>
<kw name="Click Button" library="SeleniumLibrary">
<arg>name=btnLogin</arg>
<doc>Clicks the button identified by ``locator``.</doc>
<msg timestamp="20230606 21:35:43.234" level="INFO">Clicking button 'name=btnLogin'.</msg>
<status status="PASS" starttime="20230606 21:35:43.234" endtime="20230606 21:35:44.031"/>
</kw>
<kw name="Sleep" library="BuiltIn">
<arg>2</arg>
<doc>Pauses the test executed for the given time.</doc>
<msg timestamp="20230606 21:35:46.033" level="INFO">Slept 2 seconds</msg>
<status status="PASS" starttime="20230606 21:35:44.033" endtime="20230606 21:35:46.033"/>
</kw>
<kw name="Wait Until Location Is" library="SeleniumLibrary">
<arg>https://www.demo.guru99.com/v4/manager/Managerhomepage.php</arg>
<doc>Waits until the current URL is ``expected``.</doc>
<status status="PASS" starttime="20230606 21:35:46.035" endtime="20230606 21:35:46.039"/>
</kw>
<kw name="Title Should Be" library="SeleniumLibrary">
<arg>Guru99 Bank Manager HomePage</arg>
<doc>Verifies that the current page title equals ``title``.</doc>
<msg timestamp="20230606 21:35:46.043" level="INFO">Page title is 'Guru99 Bank Manager HomePage'.</msg>
<status status="PASS" starttime="20230606 21:35:46.041" endtime="20230606 21:35:46.043"/>
</kw>
<kw name="Close Browser" library="SeleniumLibrary">
<doc>Closes the current browser.</doc>
<status status="PASS" starttime="20230606 21:35:46.044" endtime="20230606 21:35:48.732"/>
</kw>
<status status="PASS" starttime="20230606 21:35:43.166" endtime="20230606 21:35:48.733"/>
</test>
<doc>Testing a banking software for two roles : Manager + Costumer</doc>
<status status="PASS" starttime="20230606 21:35:33.018" endtime="20230606 21:35:48.735"/>
</suite>
<statistics>
<total>
<stat pass="2" fail="0" skip="0">All Tests</stat>
</total>
<tag>
</tag>
<suite>
<stat pass="2" fail="0" skip="0" id="s1" name="TestSuite 1">TestSuite 1</stat>
</suite>
</statistics>
<errors>
</errors>
</robot>
